c:\users\alessandro osima\source\repos\dbgaconsole\dbgaconsole\x64\debug\dbgaconsole.pch
c:\users\alessandro osima\source\repos\dbgaconsole\dbgaconsole\x64\debug\vc141.pdb
c:\users\alessandro osima\source\repos\dbgaconsole\dbgaconsole\x64\debug\vc141.idb
c:\users\alessandro osima\source\repos\dbgaconsole\dbgaconsole\x64\debug\stdafx.obj
c:\users\alessandro osima\source\repos\dbgaconsole\dbgaconsole\x64\debug\commandmanager.obj
c:\users\alessandro osima\source\repos\dbgaconsole\dbgaconsole\x64\debug\dbgaconsole.obj
c:\users\alessandro osima\source\repos\dbgaconsole\dbgaconsole\x64\debug\window.obj
d:\programming\raycaster\dbgaconsole\dbgaconsole\x64\debug\dbgaconsole.pch
d:\programming\raycaster\dbgaconsole\dbgaconsole\x64\debug\vc141.pdb
d:\programming\raycaster\dbgaconsole\dbgaconsole\x64\debug\vc141.idb
d:\programming\raycaster\dbgaconsole\dbgaconsole\x64\debug\stdafx.obj
d:\programming\raycaster\dbgaconsole\dbgaconsole\x64\debug\commandmanager.obj
d:\programming\raycaster\dbgaconsole\dbgaconsole\x64\debug\dbgaconsole.obj
d:\programming\raycaster\dbgaconsole\dbgaconsole\x64\debug\image.obj
d:\programming\raycaster\dbgaconsole\dbgaconsole\x64\debug\vector3.obj
d:\programming\raycaster\dbgaconsole\dbgaconsole\x64\debug\window.obj
d:\programming\raycaster\dbgaconsole\dbgaconsole\x64\debug\surface.obj
c:\users\alessandro osima\source\repos\dbgaconsole\x64\debug\dbgaconsole.exe
c:\users\alessandro osima\source\repos\dbgaconsole\x64\debug\dbgaconsole.ilk
c:\users\alessandro osima\source\repos\dbgaconsole\x64\debug\dbgaconsole.pdb
d:\programming\raycaster\dbgaconsole\x64\debug\dbgaconsole.exe
d:\programming\raycaster\dbgaconsole\x64\debug\dbgaconsole.ilk
d:\programming\raycaster\dbgaconsole\x64\debug\dbgaconsole.pdb
d:\programming\raycasterv2\dbgaconsole\dbgaconsole\x64\debug\commandmanager.obj
d:\programming\raycasterv2\dbgaconsole\dbgaconsole\x64\debug\dbgaconsole.obj
d:\programming\raycasterv2\dbgaconsole\dbgaconsole\x64\debug\image.obj
d:\programming\raycasterv2\dbgaconsole\dbgaconsole\x64\debug\stdafx.obj
d:\programming\raycasterv2\dbgaconsole\dbgaconsole\x64\debug\surface.obj
d:\programming\raycasterv2\dbgaconsole\dbgaconsole\x64\debug\vector3.obj
d:\programming\raycasterv2\dbgaconsole\dbgaconsole\x64\debug\window.obj
d:\programming\raycasterv2\dbgaconsole\dbgaconsole\x64\debug\dbgaconsole.pch
d:\programming\raycasterv2\dbgaconsole\dbgaconsole\x64\debug\vc141.idb
d:\programming\raycasterv2\dbgaconsole\dbgaconsole\x64\debug\vc141.pdb
d:\programming\raycasterv2\dbgaconsole\x64\debug\dbgaconsole.pdb
d:\programming\raycasterv2\dbgaconsole\x64\debug\dbgaconsole.exe
d:\programming\raycasterv2\dbgaconsole\x64\debug\dbgaconsole.ilk
d:\programming\raycasterv2\dbgaconsole\dbgaconsole\x64\debug\dbgaconsole.tlog\cl.command.1.tlog
d:\programming\raycasterv2\dbgaconsole\dbgaconsole\x64\debug\dbgaconsole.tlog\cl.read.1.tlog
d:\programming\raycasterv2\dbgaconsole\dbgaconsole\x64\debug\dbgaconsole.tlog\cl.write.1.tlog
d:\programming\raycasterv2\dbgaconsole\dbgaconsole\x64\debug\dbgaconsole.tlog\link.command.1.tlog
d:\programming\raycasterv2\dbgaconsole\dbgaconsole\x64\debug\dbgaconsole.tlog\link.read.1.tlog
d:\programming\raycasterv2\dbgaconsole\dbgaconsole\x64\debug\dbgaconsole.tlog\link.write.1.tlog
